This is pdfTeX, Version 3.141592653-2.6-1.40.22 (TeX Live 2021) (preloaded format=pdflatex 2021.10.4)  14 FEB 2022 15:14
entering extended mode
 restricted \write18 enabled.
 %&-line parsing enabled.
**"CS M148 Homework 2.tex"
(./CS M148 Homework 2.tex
LaTeX2e <2020-10-01> patch level 4
L3 programming layer <2021-02-18>
(/usr/local/texlive/2021/texmf-dist/tex/latex/base/article.cls
Document Class: article 2020/04/10 v1.4m Standard LaTeX document class
(/usr/local/texlive/2021/texmf-dist/tex/latex/base/size12.clo
File: size12.clo 2020/04/10 v1.4m Standard LaTeX file (size option)
)
\c@part=\count179
\c@section=\count180
\c@subsection=\count181
\c@subsubsection=\count182
\c@paragraph=\count183
\c@subparagraph=\count184
\c@figure=\count185
\c@table=\count186
\abovecaptionskip=\skip47
\belowcaptionskip=\skip48
\bibindent=\dimen138
)
(/usr/local/texlive/2021/texmf-dist/tex/latex/base/inputenc.sty
Package: inputenc 2020/08/01 v1.3d Input encoding file
\inpenc@prehook=\toks15
\inpenc@posthook=\toks16
)
(/usr/local/texlive/2021/texmf-dist/tex/latex/amsmath/amsmath.sty
Package: amsmath 2020/09/23 v2.17i AMS math features
\@mathmargin=\skip49

For additional information on amsmath, use the `?' option.
(/usr/local/texlive/2021/texmf-dist/tex/latex/amsmath/amstext.sty
Package: amstext 2000/06/29 v2.01 AMS text

(/usr/local/texlive/2021/texmf-dist/tex/latex/amsmath/amsgen.sty
File: amsgen.sty 1999/11/30 v2.0 generic functions
\@emptytoks=\toks17
\ex@=\dimen139
))
(/usr/local/texlive/2021/texmf-dist/tex/latex/amsmath/amsbsy.sty
Package: amsbsy 1999/11/29 v1.2d Bold Symbols
\pmbraise@=\dimen140
)
(/usr/local/texlive/2021/texmf-dist/tex/latex/amsmath/amsopn.sty
Package: amsopn 2016/03/08 v2.02 operator names
)
\inf@bad=\count187
LaTeX Info: Redefining \frac on input line 234.
\uproot@=\count188
\leftroot@=\count189
LaTeX Info: Redefining \overline on input line 399.
\classnum@=\count190
\DOTSCASE@=\count191
LaTeX Info: Redefining \ldots on input line 496.
LaTeX Info: Redefining \dots on input line 499.
LaTeX Info: Redefining \cdots on input line 620.
\Mathstrutbox@=\box47
\strutbox@=\box48
\big@size=\dimen141
LaTeX Font Info:    Redeclaring font encoding OML on input line 743.
LaTeX Font Info:    Redeclaring font encoding OMS on input line 744.
\macc@depth=\count192
\c@MaxMatrixCols=\count193
\dotsspace@=\muskip16
\c@parentequation=\count194
\dspbrk@lvl=\count195
\tag@help=\toks18
\row@=\count196
\column@=\count197
\maxfields@=\count198
\andhelp@=\toks19
\eqnshift@=\dimen142
\alignsep@=\dimen143
\tagshift@=\dimen144
\tagwidth@=\dimen145
\totwidth@=\dimen146
\lineht@=\dimen147
\@envbody=\toks20
\multlinegap=\skip50
\multlinetaggap=\skip51
\mathdisplay@stack=\toks21
LaTeX Info: Redefining \[ on input line 2923.
LaTeX Info: Redefining \] on input line 2924.
)
(/usr/local/texlive/2021/texmf-dist/tex/latex/changepage/changepage.sty
Package: changepage 2009/10/20 v1.0c check page and change page layout
\c@cp@cntr=\count199
\cp@tempcnt=\count266
)
(/usr/local/texlive/2021/texmf-dist/tex/latex/titlesec/titlesec.sty
Package: titlesec 2019/10/16 v2.13 Sectioning titles
\ttl@box=\box49
\beforetitleunit=\skip52
\aftertitleunit=\skip53
\ttl@plus=\dimen148
\ttl@minus=\dimen149
\ttl@toksa=\toks22
\titlewidth=\dimen150
\titlewidthlast=\dimen151
\titlewidthfirst=\dimen152
)
(/usr/local/texlive/2021/texmf-dist/tex/latex/placeins/placeins.sty
Package: placeins 2005/04/18  v 2.2
)
(/usr/local/texlive/2021/texmf-dist/tex/latex/caption/caption.sty
Package: caption 2020/10/26 v3.5g Customizing captions (AR)

(/usr/local/texlive/2021/texmf-dist/tex/latex/caption/caption3.sty
Package: caption3 2020/10/21 v2.2e caption3 kernel (AR)

(/usr/local/texlive/2021/texmf-dist/tex/latex/graphics/keyval.sty
Package: keyval 2014/10/28 v1.15 key=value parser (DPC)
\KV@toks@=\toks23
)
\captionmargin=\dimen153
\captionmargin@=\dimen154
\captionwidth=\dimen155
\caption@tempdima=\dimen156
\caption@indent=\dimen157
\caption@parindent=\dimen158
\caption@hangindent=\dimen159
Package caption Info: Standard document class detected.
)
\c@caption@flags=\count267
\c@continuedfloat=\count268
Package caption Info: changepage package is loaded.
\caption@adjustwidth@hsize=\dimen160
\caption@adjustwidth@linewidth=\dimen161
)
(/usr/local/texlive/2021/texmf-dist/tex/latex/graphics/graphicx.sty
Package: graphicx 2020/09/09 v1.2b Enhanced LaTeX Graphics (DPC,SPQR)

(/usr/local/texlive/2021/texmf-dist/tex/latex/graphics/graphics.sty
Package: graphics 2020/08/30 v1.4c Standard LaTeX Graphics (DPC,SPQR)

(/usr/local/texlive/2021/texmf-dist/tex/latex/graphics/trig.sty
Package: trig 2016/01/03 v1.10 sin cos tan (DPC)
)
(/usr/local/texlive/2021/texmf-dist/tex/latex/graphics-cfg/graphics.cfg
File: graphics.cfg 2016/06/04 v1.11 sample graphics configuration
)
Package graphics Info: Driver file: pdftex.def on input line 105.

(/usr/local/texlive/2021/texmf-dist/tex/latex/graphics-def/pdftex.def
File: pdftex.def 2020/10/05 v1.2a Graphics/color driver for pdftex
))
\Gin@req@height=\dimen162
\Gin@req@width=\dimen163
)
(/usr/local/texlive/2021/texmf-dist/tex/latex/l3backend/l3backend-pdftex.def
File: l3backend-pdftex.def 2021-03-18 L3 backend support: PDF output (pdfTeX)
\l__color_backend_stack_int=\count269
\l__pdf_internal_box=\box50
)
(./CS M148 Homework 2.aux)
\openout1 = `"CS M148 Homework 2.aux"'.

LaTeX Font Info:    Checking defaults for OML/cmm/m/it on input line 17.
LaTeX Font Info:    ... okay on input line 17.
LaTeX Font Info:    Checking defaults for OMS/cmsy/m/n on input line 17.
LaTeX Font Info:    ... okay on input line 17.
LaTeX Font Info:    Checking defaults for OT1/cmr/m/n on input line 17.
LaTeX Font Info:    ... okay on input line 17.
LaTeX Font Info:    Checking defaults for T1/cmr/m/n on input line 17.
LaTeX Font Info:    ... okay on input line 17.
LaTeX Font Info:    Checking defaults for TS1/cmr/m/n on input line 17.
LaTeX Font Info:    ... okay on input line 17.
LaTeX Font Info:    Checking defaults for OMX/cmex/m/n on input line 17.
LaTeX Font Info:    ... okay on input line 17.
LaTeX Font Info:    Checking defaults for U/cmr/m/n on input line 17.
LaTeX Font Info:    ... okay on input line 17.
Package caption Info: Begin \AtBeginDocument code.
Package caption Info: End \AtBeginDocument code.

(/usr/local/texlive/2021/texmf-dist/tex/context/base/mkii/supp-pdf.mkii
[Loading MPS to PDF converter (version 2006.09.02).]
\scratchcounter=\count270
\scratchdimen=\dimen164
\scratchbox=\box51
\nofMPsegments=\count271
\nofMParguments=\count272
\everyMPshowfont=\toks24
\MPscratchCnt=\count273
\MPscratchDim=\dimen165
\MPnumerator=\count274
\makeMPintoPDFobject=\count275
\everyMPtoPDFconversion=\toks25
) (/usr/local/texlive/2021/texmf-dist/tex/latex/epstopdf-pkg/epstopdf-base.sty
Package: epstopdf-base 2020-01-24 v2.11 Base part for package epstopdf
Package epstopdf-base Info: Redefining graphics rule for `.eps' on input line 4
85.

(/usr/local/texlive/2021/texmf-dist/tex/latex/latexconfig/epstopdf-sys.cfg
File: epstopdf-sys.cfg 2010/07/13 v1.3 Configuration of (r)epstopdf for TeX Liv
e
))
[1

{/usr/local/texlive/2021/texmf-var/fonts/map/pdftex/updmap/pdftex.map}]
<./images/1a_left.jpg, id=8, 791.95876pt x 568.1225pt>
File: ./images/1a_left.jpg Graphic file (type jpg)
<use ./images/1a_left.jpg>
Package pdftex.def Info: ./images/1a_left.jpg  used on input line 23.
(pdftex.def)             Requested size: 261.3472pt x 187.48099pt.
<./images/1a_middle.jpg, id=9, 589.20125pt x 561.09625pt>
File: ./images/1a_middle.jpg Graphic file (type jpg)
<use ./images/1a_middle.jpg>
Package pdftex.def Info: ./images/1a_middle.jpg  used on input line 27.
(pdftex.def)             Requested size: 194.43701pt x 185.16232pt.
<./images/1a_right.jpg, id=10, 540.0175pt x 609.27625pt>
File: ./images/1a_right.jpg Graphic file (type jpg)
<use ./images/1a_right.jpg>
Package pdftex.def Info: ./images/1a_right.jpg  used on input line 31.
(pdftex.def)             Requested size: 178.20631pt x 201.06178pt.


LaTeX Warning: `!h' float specifier changed to `!ht'.


LaTeX Warning: `!h' float specifier changed to `!ht'.

[2 <./images/1a_left.jpg>] [3 <./images/1a_middle.jpg> <./images/1a_right.jpg>]
[4

]
Underfull \hbox (badness 10000) in paragraph at lines 40--42

 []


Underfull \hbox (badness 10000) in paragraph at lines 43--48

 []

[5]
<./images/3a.jpg, id=32, 1432.35126pt x 698.61pt>
File: ./images/3a.jpg Graphic file (type jpg)
<use ./images/3a.jpg>
Package pdftex.def Info: ./images/3a.jpg  used on input line 64.
(pdftex.def)             Requested size: 472.67738pt x 230.542pt.

Overfull \hbox (82.67738pt too wide) in paragraph at lines 64--65
[][] 
 []

[6 <./images/3a.jpg>]
<./images/3c.jpg, id=36, 770.88pt x 746.79pt>
File: ./images/3c.jpg Graphic file (type jpg)
<use ./images/3c.jpg>
Package pdftex.def Info: ./images/3c.jpg  used on input line 73.
(pdftex.def)             Requested size: 254.39119pt x 246.44145pt.
 [7

 <./images/3c.jpg>] [8]
Underfull \hbox (badness 10000) in paragraph at lines 93--105

 []


Overfull \hbox (13.40166pt too wide) in paragraph at lines 105--124
[] \OT1/cmr/m/n/12 b) A one unit in-crease in $\OML/cmm/m/it/12 X[]$ \OT1/cmr/m
/n/12 changes our prob-a-bil-ity equa-tion to $\OML/cmm/m/it/12 ln\OT1/cmr/m/n/
12 ([]) =
 []

[9] [10]
Overfull \hbox (56.06488pt too wide) in paragraph at lines 137--160
\OT1/cmr/m/n/12 Age 17: $\OML/cmm/m/it/12 ln\OT1/cmr/m/n/12 ([]) = \OMS/cmsy/m/
n/12 ^^@\OT1/cmr/m/n/12 0\OML/cmm/m/it/12 :\OT1/cmr/m/n/12 52 + (0\OML/cmm/m/it
/12 :\OT1/cmr/m/n/12 04)(\OMS/cmsy/m/n/12 ^^@\OT1/cmr/m/n/12 6) + (\OMS/cmsy/m/
n/12 ^^@\OT1/cmr/m/n/12 0\OML/cmm/m/it/12 :\OT1/cmr/m/n/12 47)($Frequency$) + (
\OMS/cmsy/m/n/12 ^^@\OT1/cmr/m/n/12 0\OML/cmm/m/it/12 :\OT1/cmr/m/n/12 18)(\OMS
/cmsy/m/n/12 ^^@\OT1/cmr/m/n/12 6\OMS/cmsy/m/n/12 ^^C$\OT1/cmr/m/n/12 Frequency
$)$ 
 []

[11]
Overfull \hbox (56.06488pt too wide) in paragraph at lines 163--187
\OT1/cmr/m/n/12 Age 17: $\OML/cmm/m/it/12 ln\OT1/cmr/m/n/12 ([]) = \OMS/cmsy/m/
n/12 ^^@\OT1/cmr/m/n/12 0\OML/cmm/m/it/12 :\OT1/cmr/m/n/12 52 + (0\OML/cmm/m/it
/12 :\OT1/cmr/m/n/12 04)(\OMS/cmsy/m/n/12 ^^@\OT1/cmr/m/n/12 6) + (\OMS/cmsy/m/
n/12 ^^@\OT1/cmr/m/n/12 0\OML/cmm/m/it/12 :\OT1/cmr/m/n/12 47)($Frequency$) + (
\OMS/cmsy/m/n/12 ^^@\OT1/cmr/m/n/12 0\OML/cmm/m/it/12 :\OT1/cmr/m/n/12 18)(\OMS
/cmsy/m/n/12 ^^@\OT1/cmr/m/n/12 6\OMS/cmsy/m/n/12 ^^C$\OT1/cmr/m/n/12 Frequency
$)$ 
 []


Underfull \hbox (badness 10000) in paragraph at lines 163--187

 []

[12] [13] [14]
<./images/8a.jpg, id=64, 593.21625pt x 431.6125pt>
File: ./images/8a.jpg Graphic file (type jpg)
<use ./images/8a.jpg>
Package pdftex.def Info: ./images/8a.jpg  used on input line 203.
(pdftex.def)             Requested size: 195.76196pt x 142.43256pt.
<./images/8e.jpg, id=65, 571.13374pt x 391.4625pt>
File: ./images/8e.jpg Graphic file (type jpg)
<use ./images/8e.jpg>
Package pdftex.def Info: ./images/8e.jpg  used on input line 215.
(pdftex.def)             Requested size: 188.47472pt x 129.18301pt.


LaTeX Warning: `!h' float specifier changed to `!ht'.

[15 <./images/8a.jpg>] [16 <./images/8e.jpg>]
<./images/8f.jpg, id=72, 606.265pt x 431.6125pt>
File: ./images/8f.jpg Graphic file (type jpg)
<use ./images/8f.jpg>
Package pdftex.def Info: ./images/8f.jpg  used on input line 222.
(pdftex.def)             Requested size: 200.06807pt x 142.43256pt.
 [17

 <./images/8f.jpg>]
(./CS M148 Homework 2.aux) ) 
Here is how much of TeX's memory you used:
 3487 strings out of 478994
 55602 string characters out of 5858184
 351312 words of memory out of 5000000
 20962 multiletter control sequences out of 15000+600000
 409416 words of font info for 48 fonts, out of 8000000 for 9000
 1141 hyphenation exceptions out of 8191
 68i,7n,74p,970b,266s stack positions out of 5000i,500n,10000p,200000b,80000s
</usr/local/texlive/2021/texmf-dist/fonts/type1/pub
lic/amsfonts/cm/cmbx12.pfb></usr/local/texlive/2021/texmf-dist/fonts/type1/publ
ic/amsfonts/cm/cmex10.pfb></usr/local/texlive/2021/texmf-dist/fonts/type1/publi
c/amsfonts/cm/cmmi12.pfb></usr/local/texlive/2021/texmf-dist/fonts/type1/public
/amsfonts/cm/cmmi6.pfb></usr/local/texlive/2021/texmf-dist/fonts/type1/public/a
msfonts/cm/cmmi8.pfb></usr/local/texlive/2021/texmf-dist/fonts/type1/public/ams
fonts/cm/cmr12.pfb></usr/local/texlive/2021/texmf-dist/fonts/type1/public/amsfo
nts/cm/cmr17.pfb></usr/local/texlive/2021/texmf-dist/fonts/type1/public/amsfont
s/cm/cmr6.pfb></usr/local/texlive/2021/texmf-dist/fonts/type1/public/amsfonts/c
m/cmr8.pfb></usr/local/texlive/2021/texmf-dist/fonts/type1/public/amsfonts/cm/c
msy10.pfb></usr/local/texlive/2021/texmf-dist/fonts/type1/public/amsfonts/cm/cm
sy6.pfb></usr/local/texlive/2021/texmf-dist/fonts/type1/public/amsfonts/cm/cmsy
8.pfb>
Output written on "CS M148 Homework 2.pdf" (17 pages, 699383 bytes).
PDF statistics:
 115 PDF objects out of 1000 (max. 8388607)
 75 compressed objects within 1 object stream
 0 named destinations out of 1000 (max. 500000)
 41 words of extra memory for PDF output out of 10000 (max. 10000000)

