This is pdfTeX, Version 3.141592653-2.6-1.40.22 (TeX Live 2021) (preloaded format=pdflatex 2021.10.4)  9 MAR 2022 11:03
entering extended mode
 restricted \write18 enabled.
 %&-line parsing enabled.
**"CS M148 Homework 4.tex"
(./CS M148 Homework 4.tex
LaTeX2e <2020-10-01> patch level 4
L3 programming layer <2021-02-18>
(/usr/local/texlive/2021/texmf-dist/tex/latex/base/article.cls
Document Class: article 2020/04/10 v1.4m Standard LaTeX document class
(/usr/local/texlive/2021/texmf-dist/tex/latex/base/size12.clo
File: size12.clo 2020/04/10 v1.4m Standard LaTeX file (size option)
)
\c@part=\count179
\c@section=\count180
\c@subsection=\count181
\c@subsubsection=\count182
\c@paragraph=\count183
\c@subparagraph=\count184
\c@figure=\count185
\c@table=\count186
\abovecaptionskip=\skip47
\belowcaptionskip=\skip48
\bibindent=\dimen138
)
(/usr/local/texlive/2021/texmf-dist/tex/latex/base/inputenc.sty
Package: inputenc 2020/08/01 v1.3d Input encoding file
\inpenc@prehook=\toks15
\inpenc@posthook=\toks16
)
(/usr/local/texlive/2021/texmf-dist/tex/latex/amsmath/amsmath.sty
Package: amsmath 2020/09/23 v2.17i AMS math features
\@mathmargin=\skip49

For additional information on amsmath, use the `?' option.
(/usr/local/texlive/2021/texmf-dist/tex/latex/amsmath/amstext.sty
Package: amstext 2000/06/29 v2.01 AMS text

(/usr/local/texlive/2021/texmf-dist/tex/latex/amsmath/amsgen.sty
File: amsgen.sty 1999/11/30 v2.0 generic functions
\@emptytoks=\toks17
\ex@=\dimen139
))
(/usr/local/texlive/2021/texmf-dist/tex/latex/amsmath/amsbsy.sty
Package: amsbsy 1999/11/29 v1.2d Bold Symbols
\pmbraise@=\dimen140
)
(/usr/local/texlive/2021/texmf-dist/tex/latex/amsmath/amsopn.sty
Package: amsopn 2016/03/08 v2.02 operator names
)
\inf@bad=\count187
LaTeX Info: Redefining \frac on input line 234.
\uproot@=\count188
\leftroot@=\count189
LaTeX Info: Redefining \overline on input line 399.
\classnum@=\count190
\DOTSCASE@=\count191
LaTeX Info: Redefining \ldots on input line 496.
LaTeX Info: Redefining \dots on input line 499.
LaTeX Info: Redefining \cdots on input line 620.
\Mathstrutbox@=\box47
\strutbox@=\box48
\big@size=\dimen141
LaTeX Font Info:    Redeclaring font encoding OML on input line 743.
LaTeX Font Info:    Redeclaring font encoding OMS on input line 744.
\macc@depth=\count192
\c@MaxMatrixCols=\count193
\dotsspace@=\muskip16
\c@parentequation=\count194
\dspbrk@lvl=\count195
\tag@help=\toks18
\row@=\count196
\column@=\count197
\maxfields@=\count198
\andhelp@=\toks19
\eqnshift@=\dimen142
\alignsep@=\dimen143
\tagshift@=\dimen144
\tagwidth@=\dimen145
\totwidth@=\dimen146
\lineht@=\dimen147
\@envbody=\toks20
\multlinegap=\skip50
\multlinetaggap=\skip51
\mathdisplay@stack=\toks21
LaTeX Info: Redefining \[ on input line 2923.
LaTeX Info: Redefining \] on input line 2924.
)
(/usr/local/texlive/2021/texmf-dist/tex/latex/changepage/changepage.sty
Package: changepage 2009/10/20 v1.0c check page and change page layout
\c@cp@cntr=\count199
\cp@tempcnt=\count266
)
(/usr/local/texlive/2021/texmf-dist/tex/latex/titlesec/titlesec.sty
Package: titlesec 2019/10/16 v2.13 Sectioning titles
\ttl@box=\box49
\beforetitleunit=\skip52
\aftertitleunit=\skip53
\ttl@plus=\dimen148
\ttl@minus=\dimen149
\ttl@toksa=\toks22
\titlewidth=\dimen150
\titlewidthlast=\dimen151
\titlewidthfirst=\dimen152
)
(/usr/local/texlive/2021/texmf-dist/tex/latex/commath/commath.sty
(/usr/local/texlive/2021/texmf-dist/tex/latex/base/ifthen.sty
Package: ifthen 2014/09/29 v1.1c Standard LaTeX ifthen package (DPC)
))
(/usr/local/texlive/2021/texmf-dist/tex/latex/placeins/placeins.sty
Package: placeins 2005/04/18  v 2.2
)
(/usr/local/texlive/2021/texmf-dist/tex/latex/caption/caption.sty
Package: caption 2020/10/26 v3.5g Customizing captions (AR)

(/usr/local/texlive/2021/texmf-dist/tex/latex/caption/caption3.sty
Package: caption3 2020/10/21 v2.2e caption3 kernel (AR)

(/usr/local/texlive/2021/texmf-dist/tex/latex/graphics/keyval.sty
Package: keyval 2014/10/28 v1.15 key=value parser (DPC)
\KV@toks@=\toks23
)
\captionmargin=\dimen153
\captionmargin@=\dimen154
\captionwidth=\dimen155
\caption@tempdima=\dimen156
\caption@indent=\dimen157
\caption@parindent=\dimen158
\caption@hangindent=\dimen159
Package caption Info: Standard document class detected.
)
\c@caption@flags=\count267
\c@continuedfloat=\count268
Package caption Info: changepage package is loaded.
\caption@adjustwidth@hsize=\dimen160
\caption@adjustwidth@linewidth=\dimen161
)
(/usr/local/texlive/2021/texmf-dist/tex/latex/graphics/graphicx.sty
Package: graphicx 2020/09/09 v1.2b Enhanced LaTeX Graphics (DPC,SPQR)

(/usr/local/texlive/2021/texmf-dist/tex/latex/graphics/graphics.sty
Package: graphics 2020/08/30 v1.4c Standard LaTeX Graphics (DPC,SPQR)

(/usr/local/texlive/2021/texmf-dist/tex/latex/graphics/trig.sty
Package: trig 2016/01/03 v1.10 sin cos tan (DPC)
)
(/usr/local/texlive/2021/texmf-dist/tex/latex/graphics-cfg/graphics.cfg
File: graphics.cfg 2016/06/04 v1.11 sample graphics configuration
)
Package graphics Info: Driver file: pdftex.def on input line 105.

(/usr/local/texlive/2021/texmf-dist/tex/latex/graphics-def/pdftex.def
File: pdftex.def 2020/10/05 v1.2a Graphics/color driver for pdftex
))
\Gin@req@height=\dimen162
\Gin@req@width=\dimen163
)
(/usr/local/texlive/2021/texmf-dist/tex/latex/l3backend/l3backend-pdftex.def
File: l3backend-pdftex.def 2021-03-18 L3 backend support: PDF output (pdfTeX)
\l__color_backend_stack_int=\count269
\l__pdf_internal_box=\box50
)
(./CS M148 Homework 4.aux)
\openout1 = `"CS M148 Homework 4.aux"'.

LaTeX Font Info:    Checking defaults for OML/cmm/m/it on input line 18.
LaTeX Font Info:    ... okay on input line 18.
LaTeX Font Info:    Checking defaults for OMS/cmsy/m/n on input line 18.
LaTeX Font Info:    ... okay on input line 18.
LaTeX Font Info:    Checking defaults for OT1/cmr/m/n on input line 18.
LaTeX Font Info:    ... okay on input line 18.
LaTeX Font Info:    Checking defaults for T1/cmr/m/n on input line 18.
LaTeX Font Info:    ... okay on input line 18.
LaTeX Font Info:    Checking defaults for TS1/cmr/m/n on input line 18.
LaTeX Font Info:    ... okay on input line 18.
LaTeX Font Info:    Checking defaults for OMX/cmex/m/n on input line 18.
LaTeX Font Info:    ... okay on input line 18.
LaTeX Font Info:    Checking defaults for U/cmr/m/n on input line 18.
LaTeX Font Info:    ... okay on input line 18.
Package caption Info: Begin \AtBeginDocument code.
Package caption Info: End \AtBeginDocument code.

(/usr/local/texlive/2021/texmf-dist/tex/context/base/mkii/supp-pdf.mkii
[Loading MPS to PDF converter (version 2006.09.02).]
\scratchcounter=\count270
\scratchdimen=\dimen164
\scratchbox=\box51
\nofMPsegments=\count271
\nofMParguments=\count272
\everyMPshowfont=\toks24
\MPscratchCnt=\count273
\MPscratchDim=\dimen165
\MPnumerator=\count274
\makeMPintoPDFobject=\count275
\everyMPtoPDFconversion=\toks25
) (/usr/local/texlive/2021/texmf-dist/tex/latex/epstopdf-pkg/epstopdf-base.sty
Package: epstopdf-base 2020-01-24 v2.11 Base part for package epstopdf
Package epstopdf-base Info: Redefining graphics rule for `.eps' on input line 4
85.

(/usr/local/texlive/2021/texmf-dist/tex/latex/latexconfig/epstopdf-sys.cfg
File: epstopdf-sys.cfg 2010/07/13 v1.3 Configuration of (r)epstopdf for TeX Liv
e
))
[1

{/usr/local/texlive/2021/texmf-var/fonts/map/pdftex/updmap/pdftex.map}]
[2]
Overfull \hbox (2.6478pt too wide) in paragraph at lines 29--29
|[] \OT1/cmr/bx/n/17.28 In-ter-pre-ta-tion of Co-ef-fi-cient in Lo-gis-tic Re-
 []

[3]
<./images/3.1_one.jpg, id=19, 815.045pt x 318.18875pt>
File: ./images/3.1_one.jpg Graphic file (type jpg)
<use ./images/3.1_one.jpg>
Package pdftex.def Info: ./images/3.1_one.jpg  used on input line 79.
(pdftex.def)             Requested size: 244.51538pt x 95.45735pt.
<./images/3.1_two.jpg, id=20, 1396.21625pt x 491.8375pt>
File: ./images/3.1_two.jpg Graphic file (type jpg)
<use ./images/3.1_two.jpg>
Package pdftex.def Info: ./images/3.1_two.jpg  used on input line 106.
(pdftex.def)             Requested size: 418.86812pt x 147.55238pt.

Overfull \hbox (28.86812pt too wide) in paragraph at lines 106--107
[][] 
 []


Underfull \hbox (badness 10000) in paragraph at lines 49--108

 []


Underfull \hbox (badness 10000) in paragraph at lines 49--108

 []


Underfull \hbox (badness 10000) in paragraph at lines 49--108

 []


Underfull \hbox (badness 10000) in paragraph at lines 49--108

 []


Underfull \hbox (badness 10000) in paragraph at lines 49--108

 []


Underfull \hbox (badness 10000) in paragraph at lines 49--108

 []


Underfull \hbox (badness 10000) in paragraph at lines 49--108

 []


Underfull \hbox (badness 10000) in paragraph at lines 49--108

 []


Underfull \hbox (badness 10000) in paragraph at lines 49--108

 []


Underfull \hbox (badness 10000) in paragraph at lines 49--108

 []


Underfull \hbox (badness 10000) in paragraph at lines 49--108

 []


Underfull \hbox (badness 10000) in paragraph at lines 49--108

 []


Underfull \hbox (badness 10000) in paragraph at lines 49--108

 []


Underfull \hbox (badness 10000) in paragraph at lines 49--108

 []


Underfull \hbox (badness 10000) in paragraph at lines 49--108

 []


Underfull \hbox (badness 10000) in paragraph at lines 49--108

 []

[4 <./images/3.1_one.jpg>] [5 <./images/3.1_two.jpg>] [6]
Underfull \hbox (badness 10000) in paragraph at lines 114--123

 []


Underfull \hbox (badness 10000) in paragraph at lines 114--123

 []


Underfull \hbox (badness 10000) in paragraph at lines 114--123

 []


Underfull \hbox (badness 10000) in paragraph at lines 114--123

 []


Underfull \hbox (badness 10000) in paragraph at lines 114--123

 []


Underfull \hbox (badness 10000) in paragraph at lines 124--137

 []


Overfull \hbox (34.37846pt too wide) in paragraph at lines 124--137
[] \OT1/cmr/m/n/12 = \OMS/cmsy/m/n/12 ^^@\OT1/cmr/m/n/12 (1 + \OML/cmm/m/it/12 
e[]\OT1/cmr/m/n/12 )[](\OMS/cmsy/m/n/12 ^^@\OML/cmm/m/it/12 W[]e[]\OT1/cmr/m/n/
12 )$ 
 []


Underfull \hbox (badness 10000) in paragraph at lines 124--137

 []


Underfull \hbox (badness 10000) in paragraph at lines 124--137

 []


Underfull \hbox (badness 10000) in paragraph at lines 138--152

 []


Underfull \hbox (badness 10000) in paragraph at lines 138--152

 []


Underfull \hbox (badness 10000) in paragraph at lines 138--152

 []

[7] [8]
<./images/5c.jpeg, id=41, 1435.3625pt x 626.34pt>
File: ./images/5c.jpeg Graphic file (type jpg)
<use ./images/5c.jpeg>
Package pdftex.def Info: ./images/5c.jpeg  used on input line 161.
(pdftex.def)             Requested size: 430.61208pt x 187.90344pt.

Overfull \hbox (40.61208pt too wide) in paragraph at lines 161--162
[][] 
 []

[9 <./images/5c.jpeg>] [10] (./CS M148 Homework 4.aux) ) 
Here is how much of TeX's memory you used:
 3582 strings out of 478994
 56300 string characters out of 5858184
 359069 words of memory out of 5000000
 21050 multiletter control sequences out of 15000+600000
 409416 words of font info for 48 fonts, out of 8000000 for 9000
 1141 hyphenation exceptions out of 8191
 68i,7n,74p,518b,236s stack positions out of 5000i,500n,10000p,200000b,80000s
</usr/local/texlive/202
1/texmf-dist/fonts/type1/public/amsfonts/cm/cmbx12.pfb></usr/local/texlive/2021
/texmf-dist/fonts/type1/public/amsfonts/cm/cmex10.pfb></usr/local/texlive/2021/
texmf-dist/fonts/type1/public/amsfonts/cm/cmmi12.pfb></usr/local/texlive/2021/t
exmf-dist/fonts/type1/public/amsfonts/cm/cmmi6.pfb></usr/local/texlive/2021/tex
mf-dist/fonts/type1/public/amsfonts/cm/cmmi8.pfb></usr/local/texlive/2021/texmf
-dist/fonts/type1/public/amsfonts/cm/cmr12.pfb></usr/local/texlive/2021/texmf-d
ist/fonts/type1/public/amsfonts/cm/cmr17.pfb></usr/local/texlive/2021/texmf-dis
t/fonts/type1/public/amsfonts/cm/cmr6.pfb></usr/local/texlive/2021/texmf-dist/f
onts/type1/public/amsfonts/cm/cmr8.pfb></usr/local/texlive/2021/texmf-dist/font
s/type1/public/amsfonts/cm/cmsy10.pfb></usr/local/texlive/2021/texmf-dist/fonts
/type1/public/amsfonts/cm/cmsy6.pfb></usr/local/texlive/2021/texmf-dist/fonts/t
ype1/public/amsfonts/cm/cmsy8.pfb>
Output written on "CS M148 Homework 4.pdf" (10 pages, 496910 bytes).
PDF statistics:
 88 PDF objects out of 1000 (max. 8388607)
 60 compressed objects within 1 object stream
 0 named destinations out of 1000 (max. 500000)
 16 words of extra memory for PDF output out of 10000 (max. 10000000)

